<?xml version="1.0" encoding="UTF-8"?>
<robot generator="Robot 6.0.1 (Python 3.11.0 on win32)" generated="20221219 10:48:36.037" rpa="false" schemaversion="3">
<suite id="s1" name="Home-Test" source="C:\exercicioPratico\appFlutter\test-app\home-test">
<suite id="s1-s1" name="LoginTest" source="C:\exercicioPratico\appFlutter\test-app\home-test\LoginTest.robot">
<test id="s1-s1-t1" name="Validar tela de abertura" line="8">
<kw name="Abrir App" library="Setup">
<kw name="Open Application" library="AppiumFlutterLibrary">
<arg>${APPIUM_SERVER}</arg>
<arg>automationName=${ATOMATION_NAME}</arg>
<arg>platformName=${PLATFORM_NAME}</arg>
<arg>platformVersion=12.0</arg>
<arg>deviceName=${DEVICE_NAME}</arg>
<arg>app=${APP_PATH}</arg>
<doc>Opens a new application to given Appium server.</doc>
<status status="PASS" starttime="20221219 10:48:36.562" endtime="20221219 10:48:46.907"/>
</kw>
<status status="PASS" starttime="20221219 10:48:36.555" endtime="20221219 10:48:46.907"/>
</kw>
<kw name="Aguardar carregamento" library="BaseApp">
<arg>${texto_explore}</arg>
<kw name="Wait For Element" library="AppiumFlutterLibrary">
<arg>${elemento}</arg>
<arg>timeout=60</arg>
<doc>Uses FlutterDriver.waitFor() to wait for an element by the
specified timeout duration.</doc>
<status status="PASS" starttime="20221219 10:48:46.907" endtime="20221219 10:48:46.930"/>
</kw>
<status status="PASS" starttime="20221219 10:48:46.907" endtime="20221219 10:48:46.930"/>
</kw>
<kw name="O texto apresentado no campo &quot;${texto_explore}&quot; deve ser &quot;EXPLORE&quot;" library="BaseApp" sourcename="O texto apresentado no campo &quot;${elemento}&quot; deve ser &quot;${texto_esperado}&quot;">
<kw name="Element Text Should Be" library="AppiumFlutterLibrary">
<arg>${elemento}</arg>
<arg>${texto_esperado}</arg>
<doc>Verify if the element text is equal to provided text.</doc>
<status status="PASS" starttime="20221219 10:48:46.931" endtime="20221219 10:48:46.942"/>
</kw>
<status status="PASS" starttime="20221219 10:48:46.930" endtime="20221219 10:48:46.943"/>
</kw>
<kw name="Fechar App" library="Setup">
<kw name="Close Application" library="AppiumFlutterLibrary">
<doc>Closes the current application and also close webdriver session.</doc>
<status status="PASS" starttime="20221219 10:48:46.943" endtime="20221219 10:48:47.301"/>
</kw>
<status status="PASS" starttime="20221219 10:48:46.943" endtime="20221219 10:48:47.301"/>
</kw>
<status status="PASS" starttime="20221219 10:48:36.555" endtime="20221219 10:48:47.301"/>
</test>
<status status="PASS" starttime="20221219 10:48:36.069" endtime="20221219 10:48:47.301"/>
</suite>
<status status="PASS" starttime="20221219 10:48:36.053" endtime="20221219 10:48:47.317"/>
</suite>
<statistics>
<total>
<stat pass="1" fail="0" skip="0">All Tests</stat>
</total>
<tag>
</tag>
<suite>
<stat pass="1" fail="0" skip="0" id="s1" name="Home-Test">Home-Test</stat>
<stat pass="1" fail="0" skip="0" id="s1-s1" name="LoginTest">Home-Test.LoginTest</stat>
</suite>
</statistics>
<errors>
</errors>
</robot>
